[blaci.info/8ball/index.html]
[backblue.gif]
[fade.gif]
[index.html]
[easyhacks.club/8ball/images/cssce15ce15ce15.css]
[easyhacks.club/8ball/images/jquery.min.js]
[easyhacks.club/8ball/images/jquery-ui.css]
[easyhacks.club/8ball/images/background.jpg]
[easyhacks.club/8ball/images/recaptcha_blue-circle-anim.png]
[easyhacks.club/8ball/images/recaptcha_blue-circle-loading-anim.png]
[easyhacks.club/8ball/images/recaptcha_checkmark.png]
[easyhacks.club/8ball/images/jquery-ui.min.js]
[easyhacks.club/8ball/images/logo.png]
[easyhacks.club/8ball/images/generator-default-user.png]
[easyhacks.club/8ball/images/resource1.png]
[easyhacks.club/8ball/images/resource2.png]
[easyhacks.club/8ball/images/avatar-2.jpg]
[easyhacks.club/8ball/images/avatar-3.jpg]
[easyhacks.club/8ball/images/avatar-4.jpg]
[easyhacks.club/8ball/images/avatar-5.jpg]
[easyhacks.club/8ball/images/avatar-1.jpg]
[easyhacks.club/8ball/images/avatar-default.png]
[easyhacks.club/8ball/images/avatar-7.jpg]
[easyhacks.club/8ball/images/avatar-8.jpg]
[easyhacks.club/8ball/images/avatar-9.jpg]
[easyhacks.club/8ball/images/avatar-10.jpg]
[easyhacks.club/8ball/images/avatar-11.jpg]
[easyhacks.club/8ball/images/generator-form-platrom-android.png]
[easyhacks.club/8ball/images/generator-form-platrom-ios.png]
[blaci.info/8ball/index.html]
[easyhacks.club/8ball/images/cssce15ce15ce15.css]
[easyhacks.club/8ball/images/jquery-ui.css]
[easyhacks.club/ajax.googleapis.com/ajax/libs/jqueryui/1.12.1/themes/smoothness/images/ui-bg_highlight-soft_75_cccccc_1x100.html]
[easyhacks.club/ajax.googleapis.com/ajax/libs/jqueryui/1.12.1/themes/smoothness/images/ui-bg_glass_75_e6e6e6_1x400.html]
[easyhacks.club/ajax.googleapis.com/ajax/libs/jqueryui/1.12.1/themes/smoothness/images/ui-bg_glass_75_dadada_1x400.html]
[easyhacks.club/ajax.googleapis.com/ajax/libs/jqueryui/1.12.1/themes/smoothness/images/ui-bg_glass_65_ffffff_1x400.html]
[easyhacks.club/ajax.googleapis.com/ajax/libs/jqueryui/1.12.1/themes/smoothness/images/ui-bg_glass_55_fbf9ee_1x400.html]
[easyhacks.club/ajax.googleapis.com/ajax/libs/jqueryui/1.12.1/themes/smoothness/images/ui-bg_glass_95_fef1ec_1x400.html]
[easyhacks.club/ajax.googleapis.com/ajax/libs/jqueryui/1.12.1/themes/smoothness/images/ui-icons_222222_256x240.html]
[easyhacks.club/ajax.googleapis.com/ajax/libs/jqueryui/1.12.1/themes/smoothness/images/ui-icons_454545_256x240.html]
[easyhacks.club/ajax.googleapis.com/ajax/libs/jqueryui/1.12.1/themes/smoothness/images/ui-icons_2e83ff_256x240.html]
[easyhacks.club/ajax.googleapis.com/ajax/libs/jqueryui/1.12.1/themes/smoothness/images/ui-icons_cd0a0a_256x240.html]
[easyhacks.club/ajax.googleapis.com/ajax/libs/jqueryui/1.12.1/themes/smoothness/images/ui-icons_888888_256x240.html]
